[2014-04-11 21:41:59] production.ERROR: exception 'Symfony\Component\HttpKernel\Exception\NotFoundHttpException' in C:\worklab\www\laravel_base\bootstrap\compiled.php:5290
Stack trace:
#0 C:\worklab\www\laravel_base\bootstrap\compiled.php(4664): Illuminate\Routing\RouteCollection->match(Object(Illuminate\Http\Request))
#1 C:\worklab\www\laravel_base\bootstrap\compiled.php(4652): Illuminate\Routing\Router->findRoute(Object(Illuminate\Http\Request))
#2 C:\worklab\www\laravel_base\bootstrap\compiled.php(4644): Illuminate\Routing\Router->dispatchToRoute(Object(Illuminate\Http\Request))
#3 C:\worklab\www\laravel_base\bootstrap\compiled.php(698): Illuminate\Routing\Router->dispatch(Object(Illuminate\Http\Request))
#4 C:\worklab\www\laravel_base\bootstrap\compiled.php(679): Illuminate\Foundation\Application->dispatch(Object(Illuminate\Http\Request))
#5 C:\worklab\www\laravel_base\bootstrap\compiled.php(1136): Illuminate\Foundation\Application->handle(Object(Illuminate\Http\Request), 1, true)
#6 C:\worklab\www\laravel_base\bootstrap\compiled.php(7219): Illuminate\Http\FrameGuard->handle(Object(Illuminate\Http\Request), 1, true)
#7 C:\worklab\www\laravel_base\bootstrap\compiled.php(7816): Illuminate\Session\Middleware->handle(Object(Illuminate\Http\Request), 1, true)
#8 C:\worklab\www\laravel_base\bootstrap\compiled.php(7763): Illuminate\Cookie\Queue->handle(Object(Illuminate\Http\Request), 1, true)
#9 C:\worklab\www\laravel_base\bootstrap\compiled.php(10760): Illuminate\Cookie\Guard->handle(Object(Illuminate\Http\Request), 1, true)
#10 C:\worklab\www\laravel_base\bootstrap\compiled.php(640): Stack\StackedHttpKernel->handle(Object(Illuminate\Http\Request))
#11 C:\worklab\www\laravel_base\public\index.php(49): Illuminate\Foundation\Application->run()
#12 {main} [] []
[2014-04-11 22:00:48] production.ERROR: exception 'Symfony\Component\HttpKernel\Exception\NotFoundHttpException' in C:\worklab\www\laravel_base\bootstrap\compiled.php:5290
Stack trace:
#0 C:\worklab\www\laravel_base\bootstrap\compiled.php(4664): Illuminate\Routing\RouteCollection->match(Object(Illuminate\Http\Request))
#1 C:\worklab\www\laravel_base\bootstrap\compiled.php(4652): Illuminate\Routing\Router->findRoute(Object(Illuminate\Http\Request))
#2 C:\worklab\www\laravel_base\bootstrap\compiled.php(4644): Illuminate\Routing\Router->dispatchToRoute(Object(Illuminate\Http\Request))
#3 C:\worklab\www\laravel_base\bootstrap\compiled.php(698): Illuminate\Routing\Router->dispatch(Object(Illuminate\Http\Request))
#4 C:\worklab\www\laravel_base\bootstrap\compiled.php(679): Illuminate\Foundation\Application->dispatch(Object(Illuminate\Http\Request))
#5 C:\worklab\www\laravel_base\bootstrap\compiled.php(1136): Illuminate\Foundation\Application->handle(Object(Illuminate\Http\Request), 1, true)
#6 C:\worklab\www\laravel_base\bootstrap\compiled.php(7219): Illuminate\Http\FrameGuard->handle(Object(Illuminate\Http\Request), 1, true)
#7 C:\worklab\www\laravel_base\bootstrap\compiled.php(7816): Illuminate\Session\Middleware->handle(Object(Illuminate\Http\Request), 1, true)
#8 C:\worklab\www\laravel_base\bootstrap\compiled.php(7763): Illuminate\Cookie\Queue->handle(Object(Illuminate\Http\Request), 1, true)
#9 C:\worklab\www\laravel_base\bootstrap\compiled.php(10760): Illuminate\Cookie\Guard->handle(Object(Illuminate\Http\Request), 1, true)
#10 C:\worklab\www\laravel_base\bootstrap\compiled.php(640): Stack\StackedHttpKernel->handle(Object(Illuminate\Http\Request))
#11 C:\worklab\www\laravel_base\public\index.php(49): Illuminate\Foundation\Application->run()
#12 {main} [] []
[2014-04-11 22:05:25] production.ERROR: exception 'Symfony\Component\HttpKernel\Exception\NotFoundHttpException' with message 'Controller method not found.' in C:\worklab\www\laravel_base\vendor\laravel\framework\src\Illuminate\Routing\Controller.php:254
Stack trace:
#0 [internal function]: Illuminate\Routing\Controller->missingMethod(Array)
#1 C:\worklab\www\laravel_base\vendor\laravel\framework\src\Illuminate\Routing\Controller.php(231): call_user_func_array(Array, Array)
#2 C:\worklab\www\laravel_base\bootstrap\compiled.php(5375): Illuminate\Routing\Controller->callAction('missingMethod', Array)
#3 C:\worklab\www\laravel_base\bootstrap\compiled.php(5363): Illuminate\Routing\ControllerDispatcher->call(Object(HomeController), Object(Illuminate\Routing\Route), 'missingMethod')
#4 C:\worklab\www\laravel_base\bootstrap\compiled.php(4631): Illuminate\Routing\ControllerDispatcher->dispatch(Object(Illuminate\Routing\Route), Object(Illuminate\Http\Request), 'HomeController', 'missingMethod')
#5 [internal function]: Illuminate\Routing\Router->Illuminate\Routing\{closure}(Array)
#6 C:\worklab\www\laravel_base\bootstrap\compiled.php(4941): call_user_func_array(Object(Closure), Array)
#7 C:\worklab\www\laravel_base\bootstrap\compiled.php(4656): Illuminate\Routing\Route->run(Object(Illuminate\Http\Request))
#8 C:\worklab\www\laravel_base\bootstrap\compiled.php(4644): Illuminate\Routing\Router->dispatchToRoute(Object(Illuminate\Http\Request))
#9 C:\worklab\www\laravel_base\bootstrap\compiled.php(698): Illuminate\Routing\Router->dispatch(Object(Illuminate\Http\Request))
#10 C:\worklab\www\laravel_base\bootstrap\compiled.php(679): Illuminate\Foundation\Application->dispatch(Object(Illuminate\Http\Request))
#11 C:\worklab\www\laravel_base\bootstrap\compiled.php(1136): Illuminate\Foundation\Application->handle(Object(Illuminate\Http\Request), 1, true)
#12 C:\worklab\www\laravel_base\bootstrap\compiled.php(7219): Illuminate\Http\FrameGuard->handle(Object(Illuminate\Http\Request), 1, true)
#13 C:\worklab\www\laravel_base\bootstrap\compiled.php(7816): Illuminate\Session\Middleware->handle(Object(Illuminate\Http\Request), 1, true)
#14 C:\worklab\www\laravel_base\bootstrap\compiled.php(7763): Illuminate\Cookie\Queue->handle(Object(Illuminate\Http\Request), 1, true)
#15 C:\worklab\www\laravel_base\bootstrap\compiled.php(10760): Illuminate\Cookie\Guard->handle(Object(Illuminate\Http\Request), 1, true)
#16 C:\worklab\www\laravel_base\bootstrap\compiled.php(640): Stack\StackedHttpKernel->handle(Object(Illuminate\Http\Request))
#17 C:\worklab\www\laravel_base\public\index.php(49): Illuminate\Foundation\Application->run()
#18 {main} [] []
[2014-04-11 22:25:32] production.ERROR: exception 'Symfony\Component\HttpKernel\Exception\NotFoundHttpException' in C:\worklab\www\laravel_base\bootstrap\compiled.php:5290
Stack trace:
#0 C:\worklab\www\laravel_base\bootstrap\compiled.php(4664): Illuminate\Routing\RouteCollection->match(Object(Illuminate\Http\Request))
#1 C:\worklab\www\laravel_base\bootstrap\compiled.php(4652): Illuminate\Routing\Router->findRoute(Object(Illuminate\Http\Request))
#2 C:\worklab\www\laravel_base\bootstrap\compiled.php(4644): Illuminate\Routing\Router->dispatchToRoute(Object(Illuminate\Http\Request))
#3 C:\worklab\www\laravel_base\bootstrap\compiled.php(698): Illuminate\Routing\Router->dispatch(Object(Illuminate\Http\Request))
#4 C:\worklab\www\laravel_base\bootstrap\compiled.php(679): Illuminate\Foundation\Application->dispatch(Object(Illuminate\Http\Request))
#5 C:\worklab\www\laravel_base\bootstrap\compiled.php(1136): Illuminate\Foundation\Application->handle(Object(Illuminate\Http\Request), 1, true)
#6 C:\worklab\www\laravel_base\bootstrap\compiled.php(7219): Illuminate\Http\FrameGuard->handle(Object(Illuminate\Http\Request), 1, true)
#7 C:\worklab\www\laravel_base\bootstrap\compiled.php(7816): Illuminate\Session\Middleware->handle(Object(Illuminate\Http\Request), 1, true)
#8 C:\worklab\www\laravel_base\bootstrap\compiled.php(7763): Illuminate\Cookie\Queue->handle(Object(Illuminate\Http\Request), 1, true)
#9 C:\worklab\www\laravel_base\bootstrap\compiled.php(10760): Illuminate\Cookie\Guard->handle(Object(Illuminate\Http\Request), 1, true)
#10 C:\worklab\www\laravel_base\bootstrap\compiled.php(640): Stack\StackedHttpKernel->handle(Object(Illuminate\Http\Request))
#11 C:\worklab\www\laravel_base\public\index.php(49): Illuminate\Foundation\Application->run()
#12 {main} [] []
[2014-04-12 16:38:50] production.ERROR: exception 'Symfony\Component\HttpKernel\Exception\NotFoundHttpException' in C:\worklab\www\laycash_la\bootstrap\compiled.php:5290
Stack trace:
#0 C:\worklab\www\laycash_la\bootstrap\compiled.php(4664): Illuminate\Routing\RouteCollection->match(Object(Illuminate\Http\Request))
#1 C:\worklab\www\laycash_la\bootstrap\compiled.php(4652): Illuminate\Routing\Router->findRoute(Object(Illuminate\Http\Request))
#2 C:\worklab\www\laycash_la\bootstrap\compiled.php(4644): Illuminate\Routing\Router->dispatchToRoute(Object(Illuminate\Http\Request))
#3 C:\worklab\www\laycash_la\bootstrap\compiled.php(698): Illuminate\Routing\Router->dispatch(Object(Illuminate\Http\Request))
#4 C:\worklab\www\laycash_la\bootstrap\compiled.php(679): Illuminate\Foundation\Application->dispatch(Object(Illuminate\Http\Request))
#5 C:\worklab\www\laycash_la\bootstrap\compiled.php(1136): Illuminate\Foundation\Application->handle(Object(Illuminate\Http\Request), 1, true)
#6 C:\worklab\www\laycash_la\bootstrap\compiled.php(7219): Illuminate\Http\FrameGuard->handle(Object(Illuminate\Http\Request), 1, true)
#7 C:\worklab\www\laycash_la\bootstrap\compiled.php(7816): Illuminate\Session\Middleware->handle(Object(Illuminate\Http\Request), 1, true)
#8 C:\worklab\www\laycash_la\bootstrap\compiled.php(7763): Illuminate\Cookie\Queue->handle(Object(Illuminate\Http\Request), 1, true)
#9 C:\worklab\www\laycash_la\bootstrap\compiled.php(10760): Illuminate\Cookie\Guard->handle(Object(Illuminate\Http\Request), 1, true)
#10 C:\worklab\www\laycash_la\bootstrap\compiled.php(640): Stack\StackedHttpKernel->handle(Object(Illuminate\Http\Request))
#11 C:\worklab\www\laycash_la\public\index.php(49): Illuminate\Foundation\Application->run()
#12 {main} [] []
[2014-04-12 17:15:28] production.ERROR: exception 'ReflectionException' with message 'Class CachedDataController does not exist' in C:\worklab\www\laycash_la\vendor\laravel\framework\src\Illuminate\Routing\ControllerInspector.php:28
Stack trace:
#0 C:\worklab\www\laycash_la\vendor\laravel\framework\src\Illuminate\Routing\ControllerInspector.php(28): ReflectionClass->__construct('CachedDataContr...')
#1 C:\worklab\www\laycash_la\bootstrap\compiled.php(4386): Illuminate\Routing\ControllerInspector->getRoutable('CachedDataContr...', 'accessData')
#2 C:\worklab\www\laycash_la\bootstrap\compiled.php(3158): Illuminate\Routing\Router->controller('accessData', 'CachedDataContr...')
#3 C:\worklab\www\laycash_la\app\routes.php(33): Illuminate\Support\Facades\Facade::__callStatic('controller', Array)
#4 C:\worklab\www\laycash_la\app\routes.php(33): Illuminate\Support\Facades\Route::controller('accessData', 'CachedDataContr...')
#5 C:\worklab\www\laycash_la\vendor\laravel\framework\src\Illuminate\Foundation\start.php(269): require('C:\worklab\www\...')
#6 [internal function]: {closure}(Object(Illuminate\Foundation\Application))
#7 C:\worklab\www\laycash_la\bootstrap\compiled.php(719): call_user_func(Object(Closure), Object(Illuminate\Foundation\Application))
#8 C:\worklab\www\laycash_la\bootstrap\compiled.php(624): Illuminate\Foundation\Application->fireAppCallbacks(Array)
#9 C:\worklab\www\laycash_la\bootstrap\compiled.php(618): Illuminate\Foundation\Application->bootApplication()
#10 C:\worklab\www\laycash_la\bootstrap\compiled.php(678): Illuminate\Foundation\Application->boot()
#11 C:\worklab\www\laycash_la\bootstrap\compiled.php(1136): Illuminate\Foundation\Application->handle(Object(Illuminate\Http\Request), 1, true)
#12 C:\worklab\www\laycash_la\bootstrap\compiled.php(7219): Illuminate\Http\FrameGuard->handle(Object(Illuminate\Http\Request), 1, true)
#13 C:\worklab\www\laycash_la\bootstrap\compiled.php(7816): Illuminate\Session\Middleware->handle(Object(Illuminate\Http\Request), 1, true)
#14 C:\worklab\www\laycash_la\bootstrap\compiled.php(7763): Illuminate\Cookie\Queue->handle(Object(Illuminate\Http\Request), 1, true)
#15 C:\worklab\www\laycash_la\bootstrap\compiled.php(10760): Illuminate\Cookie\Guard->handle(Object(Illuminate\Http\Request), 1, true)
#16 C:\worklab\www\laycash_la\bootstrap\compiled.php(640): Stack\StackedHttpKernel->handle(Object(Illuminate\Http\Request))
#17 C:\worklab\www\laycash_la\public\index.php(49): Illuminate\Foundation\Application->run()
#18 {main} [] []
[2014-04-12 17:16:36] production.ERROR: exception 'ReflectionException' with message 'Class CachedDataController does not exist' in C:\worklab\www\laycash_la\vendor\laravel\framework\src\Illuminate\Routing\ControllerInspector.php:28
Stack trace:
#0 C:\worklab\www\laycash_la\vendor\laravel\framework\src\Illuminate\Routing\ControllerInspector.php(28): ReflectionClass->__construct('CachedDataContr...')
#1 C:\worklab\www\laycash_la\bootstrap\compiled.php(4386): Illuminate\Routing\ControllerInspector->getRoutable('CachedDataContr...', 'accessData')
#2 C:\worklab\www\laycash_la\bootstrap\compiled.php(3158): Illuminate\Routing\Router->controller('accessData', 'CachedDataContr...')
#3 C:\worklab\www\laycash_la\app\routes.php(36): Illuminate\Support\Facades\Facade::__callStatic('controller', Array)
#4 C:\worklab\www\laycash_la\app\routes.php(36): Illuminate\Support\Facades\Route::controller('accessData', 'CachedDataContr...')
#5 C:\worklab\www\laycash_la\vendor\laravel\framework\src\Illuminate\Foundation\start.php(269): require('C:\worklab\www\...')
#6 [internal function]: {closure}(Object(Illuminate\Foundation\Application))
#7 C:\worklab\www\laycash_la\bootstrap\compiled.php(719): call_user_func(Object(Closure), Object(Illuminate\Foundation\Application))
#8 C:\worklab\www\laycash_la\bootstrap\compiled.php(624): Illuminate\Foundation\Application->fireAppCallbacks(Array)
#9 C:\worklab\www\laycash_la\bootstrap\compiled.php(618): Illuminate\Foundation\Application->bootApplication()
#10 C:\worklab\www\laycash_la\bootstrap\compiled.php(678): Illuminate\Foundation\Application->boot()
#11 C:\worklab\www\laycash_la\bootstrap\compiled.php(1136): Illuminate\Foundation\Application->handle(Object(Illuminate\Http\Request), 1, true)
#12 C:\worklab\www\laycash_la\bootstrap\compiled.php(7219): Illuminate\Http\FrameGuard->handle(Object(Illuminate\Http\Request), 1, true)
#13 C:\worklab\www\laycash_la\bootstrap\compiled.php(7816): Illuminate\Session\Middleware->handle(Object(Illuminate\Http\Request), 1, true)
#14 C:\worklab\www\laycash_la\bootstrap\compiled.php(7763): Illuminate\Cookie\Queue->handle(Object(Illuminate\Http\Request), 1, true)
#15 C:\worklab\www\laycash_la\bootstrap\compiled.php(10760): Illuminate\Cookie\Guard->handle(Object(Illuminate\Http\Request), 1, true)
#16 C:\worklab\www\laycash_la\bootstrap\compiled.php(640): Stack\StackedHttpKernel->handle(Object(Illuminate\Http\Request))
#17 C:\worklab\www\laycash_la\public\index.php(49): Illuminate\Foundation\Application->run()
#18 {main} [] []
[2014-04-12 17:17:04] production.ERROR: exception 'ReflectionException' with message 'Class CachedDataController does not exist' in C:\worklab\www\laycash_la\vendor\laravel\framework\src\Illuminate\Routing\ControllerInspector.php:28
Stack trace:
#0 C:\worklab\www\laycash_la\vendor\laravel\framework\src\Illuminate\Routing\ControllerInspector.php(28): ReflectionClass->__construct('CachedDataContr...')
#1 C:\worklab\www\laycash_la\bootstrap\compiled.php(4386): Illuminate\Routing\ControllerInspector->getRoutable('CachedDataContr...', 'accessData')
#2 C:\worklab\www\laycash_la\bootstrap\compiled.php(3158): Illuminate\Routing\Router->controller('accessData', 'CachedDataContr...')
#3 C:\worklab\www\laycash_la\app\routes.php(36): Illuminate\Support\Facades\Facade::__callStatic('controller', Array)
#4 C:\worklab\www\laycash_la\app\routes.php(36): Illuminate\Support\Facades\Route::controller('accessData', 'CachedDataContr...')
#5 C:\worklab\www\laycash_la\vendor\laravel\framework\src\Illuminate\Foundation\start.php(269): require('C:\worklab\www\...')
#6 [internal function]: {closure}(Object(Illuminate\Foundation\Application))
#7 C:\worklab\www\laycash_la\bootstrap\compiled.php(719): call_user_func(Object(Closure), Object(Illuminate\Foundation\Application))
#8 C:\worklab\www\laycash_la\bootstrap\compiled.php(624): Illuminate\Foundation\Application->fireAppCallbacks(Array)
#9 C:\worklab\www\laycash_la\bootstrap\compiled.php(618): Illuminate\Foundation\Application->bootApplication()
#10 C:\worklab\www\laycash_la\bootstrap\compiled.php(678): Illuminate\Foundation\Application->boot()
#11 C:\worklab\www\laycash_la\bootstrap\compiled.php(1136): Illuminate\Foundation\Application->handle(Object(Illuminate\Http\Request), 1, true)
#12 C:\worklab\www\laycash_la\bootstrap\compiled.php(7219): Illuminate\Http\FrameGuard->handle(Object(Illuminate\Http\Request), 1, true)
#13 C:\worklab\www\laycash_la\bootstrap\compiled.php(7816): Illuminate\Session\Middleware->handle(Object(Illuminate\Http\Request), 1, true)
#14 C:\worklab\www\laycash_la\bootstrap\compiled.php(7763): Illuminate\Cookie\Queue->handle(Object(Illuminate\Http\Request), 1, true)
#15 C:\worklab\www\laycash_la\bootstrap\compiled.php(10760): Illuminate\Cookie\Guard->handle(Object(Illuminate\Http\Request), 1, true)
#16 C:\worklab\www\laycash_la\bootstrap\compiled.php(640): Stack\StackedHttpKernel->handle(Object(Illuminate\Http\Request))
#17 C:\worklab\www\laycash_la\public\index.php(49): Illuminate\Foundation\Application->run()
#18 {main} [] []
[2014-04-12 17:17:42] production.ERROR: exception 'ReflectionException' with message 'Class CachedDataController does not exist' in C:\worklab\www\laycash_la\vendor\laravel\framework\src\Illuminate\Routing\ControllerInspector.php:28
Stack trace:
#0 C:\worklab\www\laycash_la\vendor\laravel\framework\src\Illuminate\Routing\ControllerInspector.php(28): ReflectionClass->__construct('CachedDataContr...')
#1 C:\worklab\www\laycash_la\bootstrap\compiled.php(4386): Illuminate\Routing\ControllerInspector->getRoutable('CachedDataContr...', 'accessData')
#2 C:\worklab\www\laycash_la\bootstrap\compiled.php(3158): Illuminate\Routing\Router->controller('accessData', 'CachedDataContr...')
#3 C:\worklab\www\laycash_la\app\routes.php(36): Illuminate\Support\Facades\Facade::__callStatic('controller', Array)
#4 C:\worklab\www\laycash_la\app\routes.php(36): Illuminate\Support\Facades\Route::controller('accessData', 'CachedDataContr...')
#5 C:\worklab\www\laycash_la\vendor\laravel\framework\src\Illuminate\Foundation\start.php(269): require('C:\worklab\www\...')
#6 [internal function]: {closure}(Object(Illuminate\Foundation\Application))
#7 C:\worklab\www\laycash_la\bootstrap\compiled.php(719): call_user_func(Object(Closure), Object(Illuminate\Foundation\Application))
#8 C:\worklab\www\laycash_la\bootstrap\compiled.php(624): Illuminate\Foundation\Application->fireAppCallbacks(Array)
#9 C:\worklab\www\laycash_la\bootstrap\compiled.php(618): Illuminate\Foundation\Application->bootApplication()
#10 C:\worklab\www\laycash_la\bootstrap\compiled.php(678): Illuminate\Foundation\Application->boot()
#11 C:\worklab\www\laycash_la\bootstrap\compiled.php(1136): Illuminate\Foundation\Application->handle(Object(Illuminate\Http\Request), 1, true)
#12 C:\worklab\www\laycash_la\bootstrap\compiled.php(7219): Illuminate\Http\FrameGuard->handle(Object(Illuminate\Http\Request), 1, true)
#13 C:\worklab\www\laycash_la\bootstrap\compiled.php(7816): Illuminate\Session\Middleware->handle(Object(Illuminate\Http\Request), 1, true)
#14 C:\worklab\www\laycash_la\bootstrap\compiled.php(7763): Illuminate\Cookie\Queue->handle(Object(Illuminate\Http\Request), 1, true)
#15 C:\worklab\www\laycash_la\bootstrap\compiled.php(10760): Illuminate\Cookie\Guard->handle(Object(Illuminate\Http\Request), 1, true)
#16 C:\worklab\www\laycash_la\bootstrap\compiled.php(640): Stack\StackedHttpKernel->handle(Object(Illuminate\Http\Request))
#17 C:\worklab\www\laycash_la\public\index.php(49): Illuminate\Foundation\Application->run()
#18 {main} [] []
